[debug] [2023-07-10T17:51:17.074Z] ----------------------------------------------------------------------
[debug] [2023-07-10T17:51:17.076Z] Command:       C:\Program Files\nodejs\node.exe C:\Program Files\nodejs\node_modules\firebase-tools\lib\bin\firebase.js deploy
[debug] [2023-07-10T17:51:17.077Z] CLI Version:   12.4.0
[debug] [2023-07-10T17:51:17.077Z] Platform:      win32
[debug] [2023-07-10T17:51:17.078Z] Node Version:  v18.16.1
[debug] [2023-07-10T17:51:17.079Z] Time:          Mon Jul 10 2023 13:51:17 GMT-0400 (hora de Venezuela)
[debug] [2023-07-10T17:51:17.079Z] ----------------------------------------------------------------------
[debug] 
[debug] [2023-07-10T17:51:17.165Z] > command requires scopes: ["email","openid","https://www.googleapis.com/auth/cloudplatformprojects.readonly","https://www.googleapis.com/auth/firebase","https://www.googleapis.com/auth/cloud-platform"]
[debug] [2023-07-10T17:51:17.166Z] > authorizing via signed-in user (yhonatandcarruido@gmail.com)
[debug] [2023-07-10T17:51:17.166Z] [iam] checking project thesiswapp for permissions ["firebase.projects.get","firebasehosting.sites.update"]
[debug] [2023-07-10T17:51:17.169Z] >>> [apiv2][query] POST https://cloudresourcemanager.googleapis.com/v1/projects/thesiswapp:testIamPermissions [none]
[debug] [2023-07-10T17:51:17.169Z] >>> [apiv2][(partial)header] POST https://cloudresourcemanager.googleapis.com/v1/projects/thesiswapp:testIamPermissions x-goog-quota-user=projects/thesiswapp
[debug] [2023-07-10T17:51:17.170Z] >>> [apiv2][body] POST https://cloudresourcemanager.googleapis.com/v1/projects/thesiswapp:testIamPermissions {"permissions":["firebase.projects.get","firebasehosting.sites.update"]}
[debug] [2023-07-10T17:51:18.290Z] <<< [apiv2][status] POST https://cloudresourcemanager.googleapis.com/v1/projects/thesiswapp:testIamPermissions 200
[debug] [2023-07-10T17:51:18.290Z] <<< [apiv2][body] POST https://cloudresourcemanager.googleapis.com/v1/projects/thesiswapp:testIamPermissions {"permissions":["firebase.projects.get","firebasehosting.sites.update"]}
[debug] [2023-07-10T17:51:18.292Z] >>> [apiv2][query] GET https://firebase.googleapis.com/v1beta1/projects/thesiswapp [none]
[debug] [2023-07-10T17:51:22.593Z] <<< [apiv2][status] GET https://firebase.googleapis.com/v1beta1/projects/thesiswapp 200
[debug] [2023-07-10T17:51:22.594Z] <<< [apiv2][body] GET https://firebase.googleapis.com/v1beta1/projects/thesiswapp {"projectId":"thesiswapp","projectNumber":"853461456729","displayName":"ThesisHub","name":"projects/thesiswapp","resources":{"hostingSite":"thesiswapp","realtimeDatabaseInstance":"thesiswapp-default-rtdb"},"state":"ACTIVE","etag":"1_91f0dc51-0fd7-4288-afee-1876f03db140"}
[info] 
[info] === Deploying to 'thesiswapp'...
[info] 
[info] i  deploying hosting 
[debug] [2023-07-10T17:51:22.628Z] >>> [apiv2][query] POST https://firebasehosting.googleapis.com/v1beta1/projects/-/sites/thesiswapp/versions [none]
[debug] [2023-07-10T17:51:22.629Z] >>> [apiv2][body] POST https://firebasehosting.googleapis.com/v1beta1/projects/-/sites/thesiswapp/versions {"status":"CREATED","labels":{"deployment-tool":"cli-firebase"}}
[debug] [2023-07-10T17:51:26.266Z] <<< [apiv2][status] POST https://firebasehosting.googleapis.com/v1beta1/projects/-/sites/thesiswapp/versions 200
[debug] [2023-07-10T17:51:26.267Z] <<< [apiv2][body] POST https://firebasehosting.googleapis.com/v1beta1/projects/-/sites/thesiswapp/versions {"name":"projects/853461456729/sites/thesiswapp/versions/f4854b2ff22abad8","status":"CREATED","config":{},"labels":{"deployment-tool":"cli-firebase"}}
[info] i  hosting[thesiswapp]: beginning deploy... 
[info] i  hosting[thesiswapp]: found 10 files in dist/ThesisHub 
[debug] [2023-07-10T17:51:26.301Z] [hosting] uploading with 200 concurrency
[debug] [2023-07-10T17:51:26.312Z] [hosting] hash cache [ZGlzdFxUaGVzaXNIdWI] stored for 10 files
[debug] [2023-07-10T17:51:26.312Z] [hosting][hash queue][FINAL] {"max":3,"min":1,"avg":1,"active":0,"complete":10,"success":10,"errored":0,"retried":0,"total":10,"elapsed":7}
[debug] [2023-07-10T17:51:26.313Z] >>> [apiv2][query] POST https://firebasehosting.googleapis.com/v1beta1/projects/853461456729/sites/thesiswapp/versions/f4854b2ff22abad8:populateFiles [none]
[debug] [2023-07-10T17:51:26.313Z] >>> [apiv2][body] POST https://firebasehosting.googleapis.com/v1beta1/projects/853461456729/sites/thesiswapp/versions/f4854b2ff22abad8:populateFiles {"files":{"/3rdpartylicenses.txt":"fe25d27b324719eac527e8d33ede1cc80e01a50aa8c21a5d980f828880bd69c1","/favicon.ico":"2c19690e9587bae12f419b34d2edeecc76808099540a9c9f4ea6194116cfc8f7","/index.html":"8d80b132b2bc4ccdbaa92c165af25c5dbab5300c3cd92dcb403be031105bcf69","/main.eb73a71fb04a311d.js":"6aa1fb8504eb6abfbac1b63ac32d2580b584495463a9e681c6ae7440cba132cd","/polyfills.0c6cfeb2d8d888d3.js":"886d069e698ff5b47dddbdab2f1f18e1717b60336734d9dd7a51010b229232c7","/runtime.786192ba60eb6ced.js":"0f1ed851d0ce843bb883519cf7c157f0a40361cb1a04d9e38b9f44fbec83caad","/scripts.534211f6c80d498e.js":"3f8b9c4b87343a9626cd0e319137e818f0b4b94dda45f236538ab249e2b4148b","/styles.8e624b2df2d845f3.css":"7dfaad59cb5a364df5aa845dfe9088c47ff7448ab19cae900143f59d12b53eb0","/assets/img/logo.png":"4c9d345e9a40cc056865eb522ef232754fbb43c253c1b6c06ce6a3dae3171487","/assets/img/logo1.PNG":"933973f5c594d2fa52d8f4ac0834db56dc3bf6979511216a458924a3d7041c73"}}
[debug] [2023-07-10T17:51:27.464Z] <<< [apiv2][status] POST https://firebasehosting.googleapis.com/v1beta1/projects/853461456729/sites/thesiswapp/versions/f4854b2ff22abad8:populateFiles 200
[debug] [2023-07-10T17:51:27.464Z] <<< [apiv2][body] POST https://firebasehosting.googleapis.com/v1beta1/projects/853461456729/sites/thesiswapp/versions/f4854b2ff22abad8:populateFiles {"uploadUrl":"https://upload-firebasehosting.googleapis.com/upload/sites/thesiswapp/versions/f4854b2ff22abad8/files"}
[debug] [2023-07-10T17:51:27.464Z] [hosting][populate queue][FINAL] {"max":1155,"min":1155,"avg":1155,"active":0,"complete":1,"success":1,"errored":0,"retried":0,"total":1,"elapsed":1155}
[debug] [2023-07-10T17:51:27.465Z] [hosting] uploads queued: 0
[debug] [2023-07-10T17:51:27.465Z] [hosting][upload queue][FINAL] {"max":0,"min":9999999999,"avg":0,"active":0,"complete":0,"success":0,"errored":0,"retried":0,"total":0,"elapsed":1689011487465}
[info] +  hosting[thesiswapp]: file upload complete 
[debug] [2023-07-10T17:51:27.471Z] [hosting] deploy completed after 1194ms
[debug] [2023-07-10T17:51:27.476Z] [
  {
    "config": {
      "public": "dist/ThesisHub",
      "ignore": [
        "firebase.json",
        "**/.*",
        "**/node_modules/**"
      ],
      "rewrites": [
        {
          "source": "**",
          "destination": "/index.html"
        }
      ],
      "site": "thesiswapp"
    },
    "version": "projects/853461456729/sites/thesiswapp/versions/f4854b2ff22abad8"
  }
]
[info] i  hosting[thesiswapp]: finalizing version... 
[debug] [2023-07-10T17:51:27.481Z] >>> [apiv2][query] PATCH https://firebasehosting.googleapis.com/v1beta1/projects/-/sites/thesiswapp/versions/f4854b2ff22abad8 updateMask=status%2Cconfig
[debug] [2023-07-10T17:51:27.482Z] >>> [apiv2][body] PATCH https://firebasehosting.googleapis.com/v1beta1/projects/-/sites/thesiswapp/versions/f4854b2ff22abad8 {"status":"FINALIZED","config":{"rewrites":[{"glob":"**","path":"/index.html"}]}}
[debug] [2023-07-10T17:51:28.818Z] <<< [apiv2][status] PATCH https://firebasehosting.googleapis.com/v1beta1/projects/-/sites/thesiswapp/versions/f4854b2ff22abad8 200
[debug] [2023-07-10T17:51:28.818Z] <<< [apiv2][body] PATCH https://firebasehosting.googleapis.com/v1beta1/projects/-/sites/thesiswapp/versions/f4854b2ff22abad8 {"name":"projects/853461456729/sites/thesiswapp/versions/f4854b2ff22abad8","status":"FINALIZED","config":{"rewrites":[{"glob":"**","path":"/index.html"}]},"labels":{"deployment-tool":"cli-firebase"},"createTime":"2023-07-10T17:51:41.217815Z","createUser":{"email":"yhonatandcarruido@gmail.com"},"finalizeTime":"2023-07-10T17:51:44.460535Z","finalizeUser":{"email":"yhonatandcarruido@gmail.com"}}
[debug] [2023-07-10T17:51:28.818Z] [hosting] finalized version for thesiswapp:[object Object]
[info] +  hosting[thesiswapp]: version finalized 
[info] i  hosting[thesiswapp]: releasing new version... 
[debug] [2023-07-10T17:51:28.824Z] >>> [apiv2][query] POST https://firebasehosting.googleapis.com/v1beta1/projects/-/sites/thesiswapp/channels/live/releases versionName=projects%2F853461456729%2Fsites%2Fthesiswapp%2Fversions%2Ff4854b2ff22abad8
[debug] [2023-07-10T17:51:28.825Z] >>> [apiv2][body] POST https://firebasehosting.googleapis.com/v1beta1/projects/-/sites/thesiswapp/channels/live/releases {}
[debug] [2023-07-10T17:51:29.801Z] <<< [apiv2][status] POST https://firebasehosting.googleapis.com/v1beta1/projects/-/sites/thesiswapp/channels/live/releases 200
[debug] [2023-07-10T17:51:29.801Z] <<< [apiv2][body] POST https://firebasehosting.googleapis.com/v1beta1/projects/-/sites/thesiswapp/channels/live/releases {"name":"projects/853461456729/sites/thesiswapp/channels/live/releases/1689011504741000","version":{"name":"projects/853461456729/sites/thesiswapp/versions/f4854b2ff22abad8","status":"FINALIZED","config":{"rewrites":[{"glob":"**","path":"/index.html"}]},"labels":{"deployment-tool":"cli-firebase"},"createTime":"2023-07-10T17:51:41.217815Z","createUser":{"email":"yhonatandcarruido@gmail.com","imageUrl":"https://lh3.googleusercontent.com/a/AAcHTteRWDHyZ_vKKc6XTMlYNPjNI5qjlBqkBu14WPQNF4Lm=mo"},"finalizeTime":"2023-07-10T17:51:44.460535Z","finalizeUser":{"email":"yhonatandcarruido@gmail.com","imageUrl":"https://lh3.googleusercontent.com/a/AAcHTteRWDHyZ_vKKc6XTMlYNPjNI5qjlBqkBu14WPQNF4Lm=mo"}},"type":"DEPLOY","releaseTime":"2023-07-10T17:51:44.741Z","releaseUser":{"email":"yhonatandcarruido@gmail.com","imageUrl":"https://lh3.googleusercontent.com/a/AAcHTteRWDHyZ_vKKc6XTMlYNPjNI5qjlBqkBu14WPQNF4Lm=mo"}}
[debug] [2023-07-10T17:51:29.802Z] [hosting] release: {"name":"projects/853461456729/sites/thesiswapp/channels/live/releases/1689011504741000","version":{"name":"projects/853461456729/sites/thesiswapp/versions/f4854b2ff22abad8","status":"FINALIZED","config":{"rewrites":[{"glob":"**","path":"/index.html"}]},"labels":{"deployment-tool":"cli-firebase"},"createTime":"2023-07-10T17:51:41.217815Z","createUser":{"email":"yhonatandcarruido@gmail.com","imageUrl":"https://lh3.googleusercontent.com/a/AAcHTteRWDHyZ_vKKc6XTMlYNPjNI5qjlBqkBu14WPQNF4Lm=mo"},"finalizeTime":"2023-07-10T17:51:44.460535Z","finalizeUser":{"email":"yhonatandcarruido@gmail.com","imageUrl":"https://lh3.googleusercontent.com/a/AAcHTteRWDHyZ_vKKc6XTMlYNPjNI5qjlBqkBu14WPQNF4Lm=mo"}},"type":"DEPLOY","releaseTime":"2023-07-10T17:51:44.741Z","releaseUser":{"email":"yhonatandcarruido@gmail.com","imageUrl":"https://lh3.googleusercontent.com/a/AAcHTteRWDHyZ_vKKc6XTMlYNPjNI5qjlBqkBu14WPQNF4Lm=mo"}}
[info] +  hosting[thesiswapp]: release complete 
[info] 
[info] +  Deploy complete! 
[info] 
[info] Project Console: https://console.firebase.google.com/project/thesiswapp/overview
[info] Hosting URL: https://thesiswapp.web.app
[debug] [2023-07-10T17:51:39.611Z] Error: Timed out.
    at Timeout.<anonymous> (C:\Users\admin\AppData\Roaming\nvm\v18.16.1\node_modules\firebase-tools\lib\utils.js:253:49)
    at listOnTimeout (node:internal/timers:569:17)
    at process.processTimers (node:internal/timers:512:7)
[error] 
[error] Error: An unexpected error has occurred.
